------------------------------------------------------------
revno: 1
tags: 1.0_beta3_pre
committer: Jenyay <jenyay.ilin@gmail.com>
branch nick: 3
timestamp: Sun 2010-09-19 21:07:25 +0400
message:
  Первый коммит
------------------------------------------------------------
revno: 2
committer: Jenyay <jenyay.ilin@gmail.com>
branch nick: trunk
timestamp: Sun 2010-09-19 22:04:33 +0400
message:
  Дополнение в ToDo
------------------------------------------------------------
revno: 3
committer: Jenyay <jenyay.ilin@gmail.com>
branch nick: trunk
timestamp: Sat 2010-09-25 14:02:33 +0400
message:
  Исправлена ошибка 258. Если в конце адреса стоит слеш, а после него запятая, то запятая попадает в адрес
------------------------------------------------------------
revno: 4
committer: Jenyay <jenyay.ilin@gmail.com>
branch nick: trunk
timestamp: Sat 2010-09-25 19:17:43 +0400
message:
  Исправлена ошибка 265:'Внутри [@ ... @] получаются слишком разреженные строки'
------------------------------------------------------------
revno: 5
committer: Jenyay <jenyay.ilin@gmail.com>
branch nick: trunk
timestamp: Wed 2010-09-29 20:04:11 +0400
message:
  Теперь, если рядом с программой нет файла настроек, то он будет храниться в папке профиля
------------------------------------------------------------
revno: 6
committer: Jenyay <jenyay.ilin@gmail.com>
branch nick: trunk
timestamp: Wed 2010-09-29 20:12:33 +0400
message:
  Убрал моргание при переключении  страниц
------------------------------------------------------------
revno: 7 [merge]
committer: jenyay <jenyay@jenyay-ubuntu-10>
branch nick: trunk
timestamp: Sat 2010-10-09 18:27:07 +0400
message:
  Слияние с веткой readonly
------------------------------------------------------------
revno: 8
committer: jenyay <jenyay@jenyay-ubuntu-10>
branch nick: trunk
timestamp: Sat 2010-10-09 20:35:36 +0400
message:
  В справку добавил изменения в данной версии
------------------------------------------------------------
revno: 9
committer: jenyay <jenyay@jenyay-ubuntu-10>
branch nick: trunk
timestamp: Sat 2010-10-09 20:56:50 +0400
message:
  Добавил пункт меню 'Open Read-only'
