------------------------------------------------------------
revno: 1
tags: 1.0_beta3_pre
committer: Jenyay <jenyay.ilin@gmail.com>
branch nick: 3
timestamp: Sun 2010-09-19 21:07:25 +0400
message:
  Первый коммит
------------------------------------------------------------
revno: 2
committer: Jenyay <jenyay.ilin@gmail.com>
branch nick: trunk
timestamp: Sun 2010-09-19 22:04:33 +0400
message:
  Дополнение в ToDo
------------------------------------------------------------
revno: 3
committer: Jenyay <jenyay.ilin@gmail.com>
branch nick: trunk
timestamp: Sat 2010-09-25 14:02:33 +0400
message:
  Исправлена ошибка 258. Если в конце адреса стоит слеш, а после него запятая, то запятая попадает в адрес
------------------------------------------------------------
revno: 4
committer: Jenyay <jenyay.ilin@gmail.com>
branch nick: trunk
timestamp: Sat 2010-09-25 19:17:43 +0400
message:
  Исправлена ошибка 265:'Внутри [@ ... @] получаются слишком разреженные строки'
------------------------------------------------------------
revno: 5
committer: Jenyay <jenyay.ilin@gmail.com>
branch nick: trunk
timestamp: Wed 2010-09-29 20:04:11 +0400
message:
  Теперь, если рядом с программой нет файла настроек, то он будет храниться в папке профиля
------------------------------------------------------------
revno: 6
committer: Jenyay <jenyay.ilin@gmail.com>
branch nick: trunk
timestamp: Wed 2010-09-29 20:12:33 +0400
message:
  Убрал моргание при переключении  страниц
------------------------------------------------------------
revno: 7 [merge]
committer: jenyay <jenyay@jenyay-ubuntu-10>
branch nick: trunk
timestamp: Sat 2010-10-09 18:27:07 +0400
message:
  Слияние с веткой readonly
    ------------------------------------------------------------
    revno: 6.1.1
    committer: jenyay <jenyay@jenyay-ubuntu-10>
    branch nick: readonly
    timestamp: Fri 2010-10-08 19:15:16 +0400
    message:
      Добавил тесты для будущего режима открытия вики только для чтения
    ------------------------------------------------------------
    revno: 6.1.2
    committer: jenyay <jenyay@jenyay-ubuntu-10>
    branch nick: readonly
    timestamp: Fri 2010-10-08 21:43:32 +0400
    message:
      Начал делать режим readonly
    ------------------------------------------------------------
    revno: 6.1.3
    committer: jenyay <jenyay@jenyay-ubuntu-10>
    branch nick: readonly
    timestamp: Fri 2010-10-08 22:26:24 +0400
    message:
      Продолжаю делать режим readonly. Дело дошло до gui
    ------------------------------------------------------------
    revno: 6.1.4
    committer: jenyay <jenyay@jenyay-ubuntu-10>
    branch nick: readonly
    timestamp: Sat 2010-10-09 18:24:51 +0400
    message:
      Открытие вики в режиме readonly, похоже, работает. Но надо получше проверить интерфейсную часть
------------------------------------------------------------
revno: 8
committer: jenyay <jenyay@jenyay-ubuntu-10>
branch nick: trunk
timestamp: Sat 2010-10-09 20:35:36 +0400
message:
  В справку добавил изменения в данной версии
------------------------------------------------------------
revno: 9
committer: jenyay <jenyay@jenyay-ubuntu-10>
branch nick: trunk
timestamp: Sat 2010-10-09 20:56:50 +0400
message:
  Добавил пункт меню 'Open Read-only'
------------------------------------------------------------
revno: 10
committer: jenyay <jenyay@jenyay-ubuntu-10>
branch nick: trunk
timestamp: Sun 2010-10-10 21:17:23 +0400
message:
  Теперь при открытии вики только для чтения редакторы страниц работают в режиме read-only
------------------------------------------------------------
revno: 11
committer: jenyay <jenyay@jenyay-ubuntu-10>
branch nick: trunk
timestamp: Wed 2010-10-13 11:56:46 +0400
message:
  Список задач перенес в Task Coach
------------------------------------------------------------
revno: 12
committer: jenyay <jenyay@jenyay-ubuntu-10>
branch nick: trunk
timestamp: Sun 2010-10-17 16:33:54 +0400
message:
  Исправил права на файлы. Подготовка к созданию deb-пакета
------------------------------------------------------------
revno: 13
committer: jenyay <jenyay@jenyay-ubuntu-10>
branch nick: trunk
timestamp: Sun 2010-10-17 16:34:30 +0400
message:
  Добавил файлы для deb-пакета
------------------------------------------------------------
revno: 14
committer: jenyay <jenyay@jenyay-ubuntu-10>
branch nick: trunk
timestamp: Sun 2010-10-17 18:06:19 +0400
message:
  Похоже, deb-пакет собран нормально в первом приближении
------------------------------------------------------------
revno: 15
committer: jenyay <jenyay@jenyay-ubuntu-10>
branch nick: trunk
timestamp: Sun 2010-10-17 18:10:30 +0400
message:
  Переименованиепакета и небольшие исправления
------------------------------------------------------------
revno: 16
committer: jenyay <jenyay@jenyay-ubuntu-10>
branch nick: trunk
timestamp: Sun 2010-10-17 19:17:26 +0400
message:
  Небольшие исправления в deb-пакете
